
> memo-docs@0.0.1 dwarning An error was encountered in plugin "@vuepress/plugin-back-to-top"
warning An error was encoutip Apply plugin container (i.e. "vuepress-pluginode:events:355
      throw er; // Unhandled 'error' event
      ^

Error: EBADF: bad file descriptor, read
Emitted 'error' event on ReadStream instance at:
    at emitErrorNT (node:internal/streams/destroy:188:8)
    at errorOrDestroy (node:internal/streams/destroy:251:7)
    at node:internal/fs/streams:247:9
    at FSReqCallback.wrapper [as oncomplete] (node:fs:562:5) {
  errno: -9,
  code: 'EBADF',
  syscall: 'read'
}
npm ERR! code 1
npm ERR! path /home/mstor/memo-docs
npm ERR! command failed
npm ERR! command sh -c vuepress dev src

npm ERR! A complete log of this run can be found in:
npm ERR!     /home/mstor/.npm/_logs/2021-02-25T07_20_08_265Z-debug.log
0m｢wds｣[39m: 404s will fallback to /index.html
